<?xml version="1.0" encoding="UTF-8"?>
<!-- Generated by org.testng.reporters.JUnitReportReporter -->
<testsuite skipped="0" hostname="SIPL151" name="com.syena.cxp.testcases.LoginPageTest" tests="1" failures="0" timestamp="11 Jul 2019 09:23:09 GMT" time="1.754" errors="0">
  <testcase name="validateLoginTest" time="1.754" classname="com.syena.cxp.testcases.LoginPageTest"/>
</testsuite> <!-- com.syena.cxp.testcases.LoginPageTest -->
