<?xml version="1.0" encoding="UTF-8"?>
<!-- Generated by org.testng.reporters.JUnitReportReporter -->
<testsuite skipped="0" hostname="SIPL151" name="com.syena.cxp.testcases.NewEventTest" tests="1" failures="0" timestamp="11 Jul 2019 09:23:09 GMT" time="10.269" errors="0">
  <testcase name="createEventTest" time="10.269" classname="com.syena.cxp.testcases.NewEventTest"/>
</testsuite> <!-- com.syena.cxp.testcases.NewEventTest -->
