<?xml version="1.0" encoding="UTF-8"?>
<!-- Generated by org.testng.reporters.JUnitReportReporter -->
<testsuite skipped="0" hostname="SIPL151" name="com.syena.cxp.testcases.SuperadminPageTest" tests="2" failures="0" timestamp="11 Jul 2019 09:23:09 GMT" time="0.750" errors="0">
  <testcase name="validateHomeIcon" time="0.118" classname="com.syena.cxp.testcases.SuperadminPageTest"/>
  <testcase name="clickOnHomeIconTest" time="0.632" classname="com.syena.cxp.testcases.SuperadminPageTest"/>
</testsuite> <!-- com.syena.cxp.testcases.SuperadminPageTest -->
