<?xml version="1.0" encoding="UTF-8"?>
<!-- Generated by org.testng.reporters.JUnitReportReporter -->
<testsuite skipped="0" hostname="SIPL151" name="com.syena.cxp.testcases.LogOutTest" tests="1" failures="0" timestamp="11 Jul 2019 09:23:09 GMT" time="3.648" errors="0">
  <testcase name="validateLogoutTest" time="3.648" classname="com.syena.cxp.testcases.LogOutTest"/>
</testsuite> <!-- com.syena.cxp.testcases.LogOutTest -->
